<?xml version="1.0" encoding="UTF-8"?>
<!-- Generated by org.testng.reporters.JUnitXMLReporter -->
<testsuite hostname="Web-PC" ignored="0" name="Validate Sign up functionality" tests="2" failures="1" timestamp="10 Jun 2019 10:18:05 GMT" time="101.628" errors="0">
  <testcase name="verifyNotSamePasswordValidationMessage" time="20.718" classname="tests.SignUpTest">
    <failure type="java.lang.AssertionError" message="Validation message is not showing for not same password on Repeat Password field  as per specification expected [true] but found [false]">
      <![CDATA[java.lang.AssertionError: Validation message is not showing for not same password on Repeat Password field  as per specification expected [true] but found [false]
at tests.SignUpTest.verifyNotSamePasswordValidationMessage(SignUpTest.java:44)
... Removed 28 stack frames]]>
    </failure>
  </testcase> <!-- verifyNotSamePasswordValidationMessage -->
  <testcase name="verifyInvalidPasswordFormatMessage" time="73.367" classname="tests.SignUpTest"/>
</testsuite> <!-- Validate Sign up functionality -->
